PiLo hda2
Loading...........................................................
Kernel command line: -q run shell
CPU 0 is up
Pintos booting with 1,007,616 kB RAM...
PCI Device 0:0.0 (8086,1237): Intel - 82441FX (PCI Host) IRQ 0
PCI Device 0:1.0 (8086,7000): Intel - 82371SB_ISA (PCI-ISA Bridge) IRQ 0
PCI Device 0:1.1 (8086,7010): Intel - 82371SB_IDE (Unknown Type) IRQ 0
PCI Device 0:1.3 (8086,7113): Intel - 82371AB/EB/MB_ACPI (Unknown Type) IRQ 9
PCI Device 0:2.0 (1234,1111): Unknown Vendor - Unknown Device (VGA Controller) IRQ 0
PCI Device 0:3.0 (8086,100e): Intel - 82544EM Gigabit Ethernet Controller (Ethernet) IRQ 11
Calibrating timer...  655,360,000 loops/s.
Initializing EHCI
Initializing UHCI
ide0: unexpected interrupt
hda: 13,104 sectors (6 MB), model "QM00001", serial "QEMU HARDDISK"
hda1: 945 sectors (472 kB), Pintos OS kernel (20)
hda2: 9,072 sectors (4 MB), Pintos file system (21)
hda3: 3,024 sectors (1 MB), Pintos scratch (22)
filesys: using hda2
scratch: using hda3
CPU 1 is up
CPU 2 is up
CPU 3 is up
CPU 4 is up
CPU 5 is up
CPU 6 is up
CPU 7 is up
CPU 8 is up
CPU 9 is up
CPU 10 is up
CPU 11 is up
CPU 12 is up
CPU 13 is up
CPU 14 is up
CPU 15 is up
CPU 16 is up
CPU 17 is up
CPU 18 is up
CPU 19 is up
CPU 20 is up
CPU 21 is up
CPU 22 is up
CPU 23 is up
CPU 24 is up
CPU 25 is up
CPU 26 is up
CPU 27 is up
CPU 28 is up
CPU 29 is up
CPU 30 is up
CPU 31 is up
Started 31 additional CPUs.
Boot complete.
Executing 'shell':
Shell starting...
--nqueens -n 32 11
Solving N = 11
nthreads 32
Solutions: 2680
Solution ok.
nqueens: exit(0)
"nqueens -n 32 11": exit code 0
--mergesort -n   h
Usage: mergesort [-i <n>] [-n <n>] [-b] [-q] [-s <n>] <N>
 -n        number of threads in pool, default 32
 -s        specify srand() seed
mergesort: exit(0)
"mergesort -h": exit code 0
--mergesort -n 32 -s 44 10000000
Using 32 threads, parallel/serials threshold=1000 insertion sort threshold=16
result ok.
mergesort: exit(0)
"mergesort -n 32 -s 44 10000000": exit code 0
--exit
Shell exiting.shell: exit(0)
Execution of 'shell' complete.
Timer: 23856 ticks
CPU0: 23308 idle ticks, 62 kernel ticks, 487 user ticks, 20801 context switches
CPU1: 23807 idle ticks, 0 kernel ticks, 107 user ticks, 24351 context switches
CPU2: 23769 idle ticks, 0 kernel ticks, 142 user ticks, 28741 context switches
CPU3: 23771 idle ticks, 0 kernel ticks, 139 user ticks, 21865 context switches
CPU4: 23774 idle ticks, 0 kernel ticks, 138 user ticks, 25176 context switches
CPU5: 23227 idle ticks, 128 kernel ticks, 489 user ticks, 30405 context switches
CPU6: 23537 idle ticks, 162 kernel ticks, 186 user ticks, 31987 context switches
CPU7: 23752 idle ticks, 0 kernel ticks, 168 user ticks, 28487 context switches
CPU8: 23753 idle ticks, 0 kernel ticks, 159 user ticks, 28829 context switches
CPU9: 23768 idle ticks, 0 kernel ticks, 145 user ticks, 29940 context switches
CPU10: 23783 idle ticks, 0 kernel ticks, 129 user ticks, 32023 context switches
CPU11: 23778 idle ticks, 0 kernel ticks, 131 user ticks, 25543 context switches
CPU12: 23769 idle ticks, 0 kernel ticks, 147 user ticks, 28590 context switches
CPU13: 23727 idle ticks, 0 kernel ticks, 184 user ticks, 32343 context switches
CPU14: 23742 idle ticks, 74 kernel ticks, 150 user ticks, 28727 context switches
CPU15: 22783 idle ticks, 0 kernel ticks, 1009 user ticks, 33375 context switches
CPU16: 23712 idle ticks, 0 kernel ticks, 203 user ticks, 37390 context switches
CPU17: 23753 idle ticks, 0 kernel ticks, 143 user ticks, 31332 context switches
CPU18: 23694 idle ticks, 0 kernel ticks, 217 user ticks, 38759 context switches
CPU19: 23745 idle ticks, 0 kernel ticks, 147 user ticks, 29841 context switches
CPU20: 23766 idle ticks, 0 kernel ticks, 143 user ticks, 30933 context switches
CPU21: 23733 idle ticks, 0 kernel ticks, 180 user ticks, 39923 context switches
CPU22: 23685 idle ticks, 0 kernel ticks, 223 user ticks, 38327 context switches
CPU23: 23614 idle ticks, 0 kernel ticks, 296 user ticks, 39406 context switches
CPU24: 23438 idle ticks, 221 kernel ticks, 209 user ticks, 41072 context switches
CPU25: 23715 idle ticks, 0 kernel ticks, 197 user ticks, 38474 context switches
CPU26: 23724 idle ticks, 0 kernel ticks, 192 user ticks, 43179 context switches
CPU27: 23718 idle ticks, 0 kernel ticks, 194 user ticks, 36306 context switches
CPU28: 23638 idle ticks, 0 kernel ticks, 273 user ticks, 44430 context switches
CPU29: 23468 idle ticks, 0 kernel ticks, 462 user ticks, 44518 context switches
CPU30: 23657 idle ticks, 0 kernel ticks, 253 user ticks, 42667 context switches
CPU31: 23599 idle ticks, 0 kernel ticks, 310 user ticks, 47942 context switches
hda2 (filesys): 239 reads, 0 writes
hda3 (scratch): 0 reads, 0 writes
Console: 4621 characters output
Keyboard: 70 keys pressed
Exception: 0 page faults
Powering off...
